2022-10-23 23:45:34.720  INFO 2876 --- [restartedMain] app.ServiceDiscoveryApplication          : Starting ServiceDiscoveryApplication using Java 11.0.15.1 on TRAN-MINH-VUONG with PID 2876 (F:\Project\fast-edu\edu-microservice-backend\service-discovery\target\classes started by Admin in F:\Project\fast-edu\edu-microservice-backend)
2022-10-23 23:45:34.722  INFO 2876 --- [restartedMain] app.ServiceDiscoveryApplication          : The following 1 profile is active: "dev"
2022-10-23 23:45:34.797  INFO 2876 --- [restartedMain] .e.DevToolsPropertyDefaultsPostProcessor : Devtools property defaults active! Set 'spring.devtools.add-properties' to 'false' to disable
2022-10-23 23:45:34.798  INFO 2876 --- [restartedMain] .e.DevToolsPropertyDefaultsPostProcessor : For additional web related logging consider setting the 'logging.level.web' property to 'DEBUG'
2022-10-23 23:45:36.208  INFO 2876 --- [restartedMain] o.s.cloud.context.scope.GenericScope     : BeanFactory id=fca5d23e-9cbd-338b-aa0e-a36b4f2f4635
2022-10-23 23:45:36.830  INFO 2876 --- [restartedMain] o.s.b.w.embedded.tomcat.TomcatWebServer  : Tomcat initialized with port(s): 8761 (http)
2022-10-23 23:45:36.840  INFO 2876 --- [restartedMain] o.apache.catalina.core.StandardService   : Starting service [Tomcat]
2022-10-23 23:45:36.841  INFO 2876 --- [restartedMain] org.apache.catalina.core.StandardEngine  : Starting Servlet engine: [Apache Tomcat/9.0.62]
2022-10-23 23:45:36.974  INFO 2876 --- [restartedMain] o.a.c.c.C.[Tomcat].[localhost].[/]       : Initializing Spring embedded WebApplicationContext
2022-10-23 23:45:36.975  INFO 2876 --- [restartedMain] w.s.c.ServletWebServerApplicationContext : Root WebApplicationContext: initialization completed in 2163 ms
2022-10-23 23:45:37.473  INFO 2876 --- [restartedMain] c.s.j.s.i.a.WebApplicationImpl           : Initiating Jersey application, version 'Jersey: 1.19.4 05/24/2017 03:20 PM'
2022-10-23 23:45:37.531  INFO 2876 --- [restartedMain] c.n.d.provider.DiscoveryJerseyProvider   : Using JSON encoding codec LegacyJacksonJson
2022-10-23 23:45:37.532  INFO 2876 --- [restartedMain] c.n.d.provider.DiscoveryJerseyProvider   : Using JSON decoding codec LegacyJacksonJson
2022-10-23 23:45:37.700  INFO 2876 --- [restartedMain] c.n.d.provider.DiscoveryJerseyProvider   : Using XML encoding codec XStreamXml
2022-10-23 23:45:37.701  INFO 2876 --- [restartedMain] c.n.d.provider.DiscoveryJerseyProvider   : Using XML decoding codec XStreamXml
2022-10-23 23:45:40.656  INFO 2876 --- [restartedMain] o.s.b.d.a.OptionalLiveReloadServer       : LiveReload server is running on port 35729
2022-10-23 23:45:41.247  INFO 2876 --- [restartedMain] DiscoveryClientOptionalArgsConfiguration : Eureka HTTP Client uses Jersey
2022-10-23 23:45:41.312  WARN 2876 --- [restartedMain] iguration$LoadBalancerCaffeineWarnLogger : Spring Cloud LoadBalancer is currently working with the default cache. While this cache implementation is useful for development and tests, it's recommended to use Caffeine cache in production.You can switch to using Caffeine cache, by adding it and org.springframework.cache.caffeine.CaffeineCacheManager to the classpath.
2022-10-23 23:45:41.331  INFO 2876 --- [restartedMain] o.s.c.n.eureka.InstanceInfoFactory       : Setting initial instance status as: STARTING
2022-10-23 23:45:41.364  INFO 2876 --- [restartedMain] com.netflix.discovery.DiscoveryClient    : Initializing Eureka in region us-east-1
2022-10-23 23:45:41.364  INFO 2876 --- [restartedMain] com.netflix.discovery.DiscoveryClient    : Client configured to neither register nor query for data.
2022-10-23 23:45:41.405  INFO 2876 --- [restartedMain] com.netflix.discovery.DiscoveryClient    : Discovery Client initialized at timestamp 1666543541382 with initial instances count: 0
2022-10-23 23:45:41.448  INFO 2876 --- [restartedMain] c.n.eureka.DefaultEurekaServerContext    : Initializing ...
2022-10-23 23:45:41.450  INFO 2876 --- [restartedMain] c.n.eureka.cluster.PeerEurekaNodes       : Adding new peer nodes [http://localhost:8761/eureka/]
2022-10-23 23:45:41.678  INFO 2876 --- [restartedMain] c.n.d.provider.DiscoveryJerseyProvider   : Using JSON encoding codec LegacyJacksonJson
2022-10-23 23:45:41.678  INFO 2876 --- [restartedMain] c.n.d.provider.DiscoveryJerseyProvider   : Using JSON decoding codec LegacyJacksonJson
2022-10-23 23:45:41.678  INFO 2876 --- [restartedMain] c.n.d.provider.DiscoveryJerseyProvider   : Using XML encoding codec XStreamXml
2022-10-23 23:45:41.678  INFO 2876 --- [restartedMain] c.n.d.provider.DiscoveryJerseyProvider   : Using XML decoding codec XStreamXml
2022-10-23 23:45:41.776  INFO 2876 --- [restartedMain] c.n.eureka.cluster.PeerEurekaNodes       : Replica node URL:  http://localhost:8761/eureka/
2022-10-23 23:45:41.781  INFO 2876 --- [restartedMain] c.n.e.registry.AbstractInstanceRegistry  : Finished initializing remote region registries. All known remote regions: []
2022-10-23 23:45:41.782  INFO 2876 --- [restartedMain] c.n.eureka.DefaultEurekaServerContext    : Initialized
2022-10-23 23:45:41.787  INFO 2876 --- [restartedMain] o.s.b.a.e.web.EndpointLinksResolver      : Exposing 17 endpoint(s) beneath base path '/actuator'
2022-10-23 23:45:41.846  INFO 2876 --- [restartedMain] o.s.c.n.e.s.EurekaServiceRegistry        : Registering application SERVICE-DISCOVERY with eureka with status UP
2022-10-23 23:45:41.857  INFO 2876 --- [Thread-15] o.s.c.n.e.server.EurekaServerBootstrap   : isAws returned false
2022-10-23 23:45:41.862  INFO 2876 --- [Thread-15] o.s.c.n.e.server.EurekaServerBootstrap   : Initialized server context
2022-10-23 23:45:41.862  INFO 2876 --- [Thread-15] c.n.e.r.PeerAwareInstanceRegistryImpl    : Got 1 instances from neighboring DS node
2022-10-23 23:45:41.862  INFO 2876 --- [Thread-15] c.n.e.r.PeerAwareInstanceRegistryImpl    : Renew threshold is: 1
2022-10-23 23:45:41.862  INFO 2876 --- [Thread-15] c.n.e.r.PeerAwareInstanceRegistryImpl    : Changing status to UP
2022-10-23 23:45:41.870  INFO 2876 --- [Thread-15] e.s.EurekaServerInitializerConfiguration : Started Eureka Server
2022-10-23 23:45:41.873  INFO 2876 --- [restartedMain] o.s.b.w.embedded.tomcat.TomcatWebServer  : Tomcat started on port(s): 8761 (http) with context path ''
2022-10-23 23:45:41.874  INFO 2876 --- [restartedMain] .s.c.n.e.s.EurekaAutoServiceRegistration : Updating port to 8761
2022-10-23 23:45:42.206  INFO 2876 --- [restartedMain] app.ServiceDiscoveryApplication          : Started ServiceDiscoveryApplication in 8.691 seconds (JVM running for 10.503)
2022-10-23 23:45:42.455  INFO 2876 --- [RMI TCP Connection(4)-192.168.25.100] o.a.c.c.C.[Tomcat].[localhost].[/]       : Initializing Spring DispatcherServlet 'dispatcherServlet'
2022-10-23 23:45:42.455  INFO 2876 --- [RMI TCP Connection(4)-192.168.25.100] o.s.web.servlet.DispatcherServlet        : Initializing Servlet 'dispatcherServlet'
2022-10-23 23:45:42.457  INFO 2876 --- [RMI TCP Connection(4)-192.168.25.100] o.s.web.servlet.DispatcherServlet        : Completed initialization in 2 ms
2022-10-23 23:45:59.724  INFO 12772 --- [restartedMain] app.CourseServiceApplication             : Starting CourseServiceApplication using Java 11.0.15.1 on TRAN-MINH-VUONG with PID 12772 (F:\Project\fast-edu\edu-microservice-backend\course-service\target\classes started by Admin in F:\Project\fast-edu\edu-microservice-backend)
2022-10-23 23:45:59.725  INFO 12772 --- [restartedMain] app.CourseServiceApplication             : The following 1 profile is active: "dev"
2022-10-23 23:45:59.808  INFO 12772 --- [restartedMain] .e.DevToolsPropertyDefaultsPostProcessor : Devtools property defaults active! Set 'spring.devtools.add-properties' to 'false' to disable
2022-10-23 23:45:59.808  INFO 12772 --- [restartedMain] .e.DevToolsPropertyDefaultsPostProcessor : For additional web related logging consider setting the 'logging.level.web' property to 'DEBUG'
2022-10-23 23:46:01.330  INFO 12772 --- [restartedMain] .s.d.r.c.RepositoryConfigurationDelegate : Bootstrapping Spring Data JPA repositories in DEFAULT mode.
2022-10-23 23:46:01.363  INFO 12772 --- [restartedMain] .s.d.r.c.RepositoryConfigurationDelegate : Finished Spring Data repository scanning in 24 ms. Found 0 JPA repository interfaces.
2022-10-23 23:46:01.539  INFO 12772 --- [restartedMain] o.s.c.a.ConfigurationClassPostProcessor  : Cannot enhance @Configuration bean definition 'org.axonframework.springboot.autoconfig.EventProcessingAutoConfiguration' since its singleton instance has been created too early. The typical cause is a non-static @Bean method with a BeanDefinitionRegistryPostProcessor return type: Consider declaring such methods as 'static'.
2022-10-23 23:46:01.612  INFO 12772 --- [restartedMain] o.s.cloud.context.scope.GenericScope     : BeanFactory id=cb426367-a522-3b8d-8b06-fd61c2ba244c
2022-10-23 23:46:01.667  INFO 12772 --- [restartedMain] trationDelegate$BeanPostProcessorChecker : Bean '(inner bean)#7585b32d#34' of type [org.axonframework.spring.config.annotation.SpringContextParameterResolverFactoryBuilder$ClasspathParameterResolverFactoryBean] is not eligible for getting processed by all BeanPostProcessors (for example: not eligible for auto-proxying)
2022-10-23 23:46:01.668  INFO 12772 --- [restartedMain] trationDelegate$BeanPostProcessorChecker : Bean '(inner bean)#7585b32d#34' of type [org.axonframework.messaging.annotation.MultiParameterResolverFactory] is not eligible for getting processed by all BeanPostProcessors (for example: not eligible for auto-proxying)
2022-10-23 23:46:01.671  INFO 12772 --- [restartedMain] trationDelegate$BeanPostProcessorChecker : Bean '(inner bean)#4e1c43a7#34' of type [org.axonframework.spring.config.annotation.SpringBeanDependencyResolverFactory] is not eligible for getting processed by all BeanPostProcessors (for example: not eligible for auto-proxying)
2022-10-23 23:46:01.672  INFO 12772 --- [restartedMain] trationDelegate$BeanPostProcessorChecker : Bean '(inner bean)#7ead2dfa' of type [org.axonframework.spring.config.annotation.SpringBeanParameterResolverFactory] is not eligible for getting processed by all BeanPostProcessors (for example: not eligible for auto-proxying)
2022-10-23 23:46:01.749  INFO 12772 --- [restartedMain] trationDelegate$BeanPostProcessorChecker : Bean '__axon-parameter-resolver-factory' of type [org.axonframework.spring.config.ApplicationContextLookupParameterResolverFactory] is not eligible for getting processed by all BeanPostProcessors (for example: not eligible for auto-proxying)
2022-10-23 23:46:01.751  INFO 12772 --- [restartedMain] trationDelegate$BeanPostProcessorChecker : Bean '__axon-parameter-resolver-factory' of type [org.axonframework.messaging.annotation.MultiParameterResolverFactory] is not eligible for getting processed by all BeanPostProcessors (for example: not eligible for auto-proxying)
2022-10-23 23:46:01.764  INFO 12772 --- [restartedMain] trationDelegate$BeanPostProcessorChecker : Bean '(inner bean)#2eb8fd07' of type [org.axonframework.spring.config.annotation.SpringHandlerDefinitionBean] is not eligible for getting processed by all BeanPostProcessors (for example: not eligible for auto-proxying)
2022-10-23 23:46:01.765  INFO 12772 --- [restartedMain] trationDelegate$BeanPostProcessorChecker : Bean '(inner bean)#2eb8fd07' of type [org.axonframework.messaging.annotation.MultiHandlerDefinition] is not eligible for getting processed by all BeanPostProcessors (for example: not eligible for auto-proxying)
2022-10-23 23:46:01.766  INFO 12772 --- [restartedMain] trationDelegate$BeanPostProcessorChecker : Bean '(inner bean)#10cae968' of type [org.axonframework.spring.config.annotation.SpringHandlerEnhancerDefinitionBean] is not eligible for getting processed by all BeanPostProcessors (for example: not eligible for auto-proxying)
2022-10-23 23:46:01.766  INFO 12772 --- [restartedMain] trationDelegate$BeanPostProcessorChecker : Bean '(inner bean)#10cae968' of type [org.axonframework.messaging.annotation.MultiHandlerEnhancerDefinition] is not eligible for getting processed by all BeanPostProcessors (for example: not eligible for auto-proxying)
2022-10-23 23:46:01.768  INFO 12772 --- [restartedMain] trationDelegate$BeanPostProcessorChecker : Bean '__axon-handler-definition' of type [org.axonframework.messaging.annotation.MultiHandlerDefinition] is not eligible for getting processed by all BeanPostProcessors (for example: not eligible for auto-proxying)
2022-10-23 23:46:02.194  INFO 12772 --- [restartedMain] o.s.b.w.embedded.tomcat.TomcatWebServer  : Tomcat initialized with port(s): 8500 (http)
2022-10-23 23:46:02.201  INFO 12772 --- [restartedMain] o.apache.catalina.core.StandardService   : Starting service [Tomcat]
2022-10-23 23:46:02.201  INFO 12772 --- [restartedMain] org.apache.catalina.core.StandardEngine  : Starting Servlet engine: [Apache Tomcat/9.0.62]
2022-10-23 23:46:02.329  INFO 12772 --- [restartedMain] o.a.c.c.C.[.[.[/course-service]          : Initializing Spring embedded WebApplicationContext
2022-10-23 23:46:02.329  INFO 12772 --- [restartedMain] w.s.c.ServletWebServerApplicationContext : Root WebApplicationContext: initialization completed in 2520 ms
2022-10-23 23:46:02.607  INFO 12772 --- [restartedMain] o.hibernate.jpa.internal.util.LogHelper  : HHH000204: Processing PersistenceUnitInfo [name: default]
2022-10-23 23:46:02.708  INFO 12772 --- [restartedMain] org.hibernate.Version                    : HHH000412: Hibernate ORM core version 5.6.8.Final
2022-10-23 23:46:02.881  INFO 12772 --- [restartedMain] o.hibernate.annotations.common.Version   : HCANN000001: Hibernate Commons Annotations {5.1.2.Final}
2022-10-23 23:46:02.989  INFO 12772 --- [restartedMain] com.zaxxer.hikari.HikariDataSource       : HikariPool-1 - Starting...
2022-10-23 23:46:03.478  INFO 12772 --- [restartedMain] com.zaxxer.hikari.HikariDataSource       : HikariPool-1 - Start completed.
2022-10-23 23:46:03.494  INFO 12772 --- [restartedMain] org.hibernate.dialect.Dialect            : HHH000400: Using dialect: org.hibernate.dialect.MySQL5InnoDBDialect
2022-10-23 23:46:04.153  INFO 12772 --- [restartedMain] o.h.e.t.j.p.i.JtaPlatformInitiator       : HHH000490: Using JtaPlatform implementation: [org.hibernate.engine.transaction.jta.platform.internal.NoJtaPlatform]
2022-10-23 23:46:04.160  INFO 12772 --- [restartedMain] j.LocalContainerEntityManagerFactoryBean : Initialized JPA EntityManagerFactory for persistence unit 'default'
2022-10-23 23:46:04.283  INFO 12772 --- [restartedMain] o.a.s.a.XStreamAutoConfiguration         : Initializing an XStream instance since none was found. The auto configuration base packages will be used as wildcards for the XStream security settings.
2022-10-23 23:46:04.379  INFO 12772 --- [restartedMain] o.a.s.util.XStreamSecurityTypeUtility    : Constructing wildcard type for base package [app].
2022-10-23 23:46:04.379  INFO 12772 --- [restartedMain] o.a.s.util.XStreamSecurityTypeUtility    : Constructing wildcard type for base package [org.axonframework.eventhandling.tokenstore].
2022-10-23 23:46:04.379  INFO 12772 --- [restartedMain] o.a.s.util.XStreamSecurityTypeUtility    : Constructing wildcard type for base package [org.axonframework.modelling.saga.repository.jpa].
2022-10-23 23:46:04.385  INFO 12772 --- [restartedMain] o.a.serialization.ChainingConverter      : ContentTypeConverter of type [class org.axonframework.serialization.xml.Dom4JToByteArrayConverter] is ignored. It seems to rely on a class that is not available in the class loader: org/dom4j/Document
2022-10-23 23:46:04.385  INFO 12772 --- [restartedMain] o.a.serialization.ChainingConverter      : ContentTypeConverter of type [class org.axonframework.serialization.xml.InputStreamToDom4jConverter] is ignored. It seems to rely on a class that is not available in the class loader: org/dom4j/Document
2022-10-23 23:46:04.386  INFO 12772 --- [restartedMain] o.a.serialization.ChainingConverter      : ContentTypeConverter of type [class org.axonframework.serialization.xml.XomToStringConverter] is ignored. It seems to rely on a class that is not available in the class loader: nu/xom/Document
2022-10-23 23:46:04.387  INFO 12772 --- [restartedMain] o.a.serialization.ChainingConverter      : ContentTypeConverter of type [class org.axonframework.serialization.xml.InputStreamToXomConverter] is ignored. It seems to rely on a class that is not available in the class loader: nu/xom/Document
2022-10-23 23:46:04.948  WARN 12772 --- [restartedMain] JpaBaseConfiguration$JpaWebConfiguration : spring.jpa.open-in-view is enabled by default. Therefore, database queries may be performed during view rendering. Explicitly configure spring.jpa.open-in-view to disable this warning
2022-10-23 23:46:05.940  WARN 12772 --- [restartedMain] ion$DefaultTemplateResolverConfiguration : Cannot find template location: classpath:/templates/ (please add some templates or check your Thymeleaf configuration)
2022-10-23 23:46:06.780  WARN 12772 --- [restartedMain] o.s.b.d.a.OptionalLiveReloadServer       : Unable to start LiveReload server
2022-10-23 23:46:07.096  INFO 12772 --- [restartedMain] DiscoveryClientOptionalArgsConfiguration : Eureka HTTP Client uses RestTemplate.
2022-10-23 23:46:07.149  WARN 12772 --- [restartedMain] iguration$LoadBalancerCaffeineWarnLogger : Spring Cloud LoadBalancer is currently working with the default cache. While this cache implementation is useful for development and tests, it's recommended to use Caffeine cache in production.You can switch to using Caffeine cache, by adding it and org.springframework.cache.caffeine.CaffeineCacheManager to the classpath.
2022-10-23 23:46:07.154  INFO 12772 --- [restartedMain] o.s.b.a.e.web.EndpointLinksResolver      : Exposing 17 endpoint(s) beneath base path '/actuator'
2022-10-23 23:46:07.576  INFO 12772 --- [restartedMain] i.a.a.c.impl.AxonServerManagedChannel    : Requesting connection details from localhost:8124
2022-10-23 23:46:08.714  INFO 12772 --- [restartedMain] i.a.a.c.impl.AxonServerManagedChannel    : Successfully connected to localhost:8124
2022-10-23 23:46:08.728  INFO 12772 --- [restartedMain] i.a.a.connector.impl.ControlChannelImpl  : Connected instruction stream for context 'default'. Sending client identification
2022-10-23 23:46:08.753  INFO 12772 --- [restartedMain] i.a.a.c.query.impl.QueryChannelImpl      : QueryChannel for context 'default' connected, 0 registrations resubscribed
2022-10-23 23:46:08.763  INFO 12772 --- [restartedMain] i.a.a.c.query.impl.QueryChannelImpl      : Registered handler for query 'app.query.api.queries.GetAccountQuery : app.query.api.model.AccountResponseModel' in context 'default'
2022-10-23 23:46:08.765  INFO 12772 --- [restartedMain] i.a.a.c.query.impl.QueryChannelImpl      : Registered handler for query 'app.query.api.queries.GetAccountsQuery : java.util.List<app.query.api.model.AccountResponseModel>' in context 'default'
2022-10-23 23:46:08.843  INFO 12772 --- [restartedMain] i.a.a.c.command.impl.CommandChannelImpl  : CommandChannel for context 'default' connected, 0 command handlers registered
2022-10-23 23:46:08.845  INFO 12772 --- [restartedMain] i.a.a.c.command.impl.CommandChannelImpl  : Registered handler for command 'app.command.api.commands.DeleteAccountCommand' in context 'default'
2022-10-23 23:46:08.849  INFO 12772 --- [restartedMain] i.a.a.c.command.impl.CommandChannelImpl  : Registered handler for command 'app.command.api.commands.CreateAccountCommand' in context 'default'
2022-10-23 23:46:08.850  INFO 12772 --- [restartedMain] i.a.a.c.command.impl.CommandChannelImpl  : Registered handler for command 'app.command.api.commands.UpdateAccountCommand' in context 'default'
2022-10-23 23:46:09.059  INFO 12772 --- [restartedMain] o.s.c.n.eureka.InstanceInfoFactory       : Setting initial instance status as: STARTING
2022-10-23 23:46:09.106  INFO 12772 --- [restartedMain] com.netflix.discovery.DiscoveryClient    : Initializing Eureka in region us-east-1
2022-10-23 23:46:09.112  INFO 12772 --- [restartedMain] c.n.d.s.r.aws.ConfigClusterResolver      : Resolving eureka endpoints via configuration
2022-10-23 23:46:09.130  INFO 12772 --- [EventProcessor[app.command.api.events.impl]-0] o.a.e.TrackingEventProcessor             : Worker assigned to segment Segment[0/0] for processing
2022-10-23 23:46:09.143  INFO 12772 --- [EventProcessor[app.command.api.events.impl]-0] o.a.e.TrackingEventProcessor             : Using current Thread for last segment worker: TrackingSegmentWorker{processor=app.command.api.events.impl, segment=Segment[0/0]}
2022-10-23 23:46:09.151  INFO 12772 --- [restartedMain] com.netflix.discovery.DiscoveryClient    : Disable delta property : false
2022-10-23 23:46:09.151  INFO 12772 --- [EventProcessor[app.command.api.events.impl]-0] o.a.e.TrackingEventProcessor             : Fetched token: IndexTrackingToken{globalIndex=10} for segment: Segment[0/0]
2022-10-23 23:46:09.151  INFO 12772 --- [restartedMain] com.netflix.discovery.DiscoveryClient    : Single vip registry refresh property : null
2022-10-23 23:46:09.151  INFO 12772 --- [restartedMain] com.netflix.discovery.DiscoveryClient    : Force full registry fetch : false
2022-10-23 23:46:09.152  INFO 12772 --- [restartedMain] com.netflix.discovery.DiscoveryClient    : Application is null : false
2022-10-23 23:46:09.152  INFO 12772 --- [restartedMain] com.netflix.discovery.DiscoveryClient    : Registered Applications size is zero : true
2022-10-23 23:46:09.152  INFO 12772 --- [restartedMain] com.netflix.discovery.DiscoveryClient    : Application version is -1: true
2022-10-23 23:46:09.152  INFO 12772 --- [restartedMain] com.netflix.discovery.DiscoveryClient    : Getting all instance registry info from the eureka server
2022-10-23 23:46:09.510  INFO 12772 --- [restartedMain] com.netflix.discovery.DiscoveryClient    : The response status is 200
2022-10-23 23:46:09.512  INFO 12772 --- [restartedMain] com.netflix.discovery.DiscoveryClient    : Starting heartbeat executor: renew interval is: 30
2022-10-23 23:46:09.514  INFO 12772 --- [restartedMain] c.n.discovery.InstanceInfoReplicator     : InstanceInfoReplicator onDemand update allowed rate per min is 4
2022-10-23 23:46:09.518  INFO 12772 --- [restartedMain] com.netflix.discovery.DiscoveryClient    : Discovery Client initialized at timestamp 1666543569517 with initial instances count: 0
2022-10-23 23:46:09.519  INFO 12772 --- [restartedMain] o.s.c.n.e.s.EurekaServiceRegistry        : Registering application COURSE-SERVICE with eureka with status UP
2022-10-23 23:46:09.520  INFO 12772 --- [restartedMain] com.netflix.discovery.DiscoveryClient    : Saw local status change event StatusChangeEvent [timestamp=1666543569520, current=UP, previous=STARTING]
2022-10-23 23:46:09.521  INFO 12772 --- [DiscoveryClient-InstanceInfoReplicator-0] com.netflix.discovery.DiscoveryClient    : DiscoveryClient_COURSE-SERVICE/192.168.25.100:COURSE-SERVICE:8500: registering service...
2022-10-23 23:46:09.532  INFO 12772 --- [restartedMain] o.s.b.w.embedded.tomcat.TomcatWebServer  : Tomcat started on port(s): 8500 (http) with context path '/course-service'
2022-10-23 23:46:09.533  INFO 12772 --- [restartedMain] .s.c.n.e.s.EurekaAutoServiceRegistration : Updating port to 8500
2022-10-23 23:46:09.623  INFO 2876 --- [http-nio-8761-exec-2] c.n.e.registry.AbstractInstanceRegistry  : Registered instance COURSE-SERVICE/192.168.25.100:COURSE-SERVICE:8500 with status UP (replication=false)
2022-10-23 23:46:09.626  INFO 12772 --- [DiscoveryClient-InstanceInfoReplicator-0] com.netflix.discovery.DiscoveryClient    : DiscoveryClient_COURSE-SERVICE/192.168.25.100:COURSE-SERVICE:8500 - registration status: 204
2022-10-23 23:46:10.184  INFO 2876 --- [http-nio-8761-exec-3] c.n.e.registry.AbstractInstanceRegistry  : Registered instance COURSE-SERVICE/192.168.25.100:COURSE-SERVICE:8500 with status UP (replication=true)
2022-10-23 23:46:10.878  INFO 12772 --- [restartedMain] app.CourseServiceApplication             : Started CourseServiceApplication in 12.219 seconds (JVM running for 13.699)
2022-10-23 23:46:11.423  INFO 12772 --- [RMI TCP Connection(2)-192.168.25.100] o.a.c.c.C.[.[.[/course-service]          : Initializing Spring DispatcherServlet 'dispatcherServlet'
2022-10-23 23:46:11.423  INFO 12772 --- [RMI TCP Connection(2)-192.168.25.100] o.s.web.servlet.DispatcherServlet        : Initializing Servlet 'dispatcherServlet'
2022-10-23 23:46:11.425  INFO 12772 --- [RMI TCP Connection(2)-192.168.25.100] o.s.web.servlet.DispatcherServlet        : Completed initialization in 2 ms
2022-10-23 23:46:24.125  INFO 9588 --- [restartedMain] app.ApiGatewayApplication                : Starting ApiGatewayApplication using Java 11.0.15.1 on TRAN-MINH-VUONG with PID 9588 (F:\Project\fast-edu\edu-microservice-backend\api-gateway\target\classes started by Admin in F:\Project\fast-edu\edu-microservice-backend)
2022-10-23 23:46:24.127  INFO 9588 --- [restartedMain] app.ApiGatewayApplication                : The following 1 profile is active: "dev"
2022-10-23 23:46:24.161  INFO 9588 --- [restartedMain] .e.DevToolsPropertyDefaultsPostProcessor : Devtools property defaults active! Set 'spring.devtools.add-properties' to 'false' to disable
2022-10-23 23:46:24.161  INFO 9588 --- [restartedMain] .e.DevToolsPropertyDefaultsPostProcessor : For additional web related logging consider setting the 'logging.level.web' property to 'DEBUG'
2022-10-23 23:46:25.209  INFO 9588 --- [restartedMain] o.s.cloud.context.scope.GenericScope     : BeanFactory id=6b41d1a5-890b-39d4-92b4-c25cba0fef24
2022-10-23 23:46:25.264  INFO 9588 --- [restartedMain] trationDelegate$BeanPostProcessorChecker : Bean 'org.springframework.cloud.client.loadbalancer.reactive.LoadBalancerBeanPostProcessorAutoConfiguration' of type [org.springframework.cloud.client.loadbalancer.reactive.LoadBalancerBeanPostProcessorAutoConfiguration] is not eligible for getting processed by all BeanPostProcessors (for example: not eligible for auto-proxying)
2022-10-23 23:46:25.264  INFO 9588 --- [restartedMain] trationDelegate$BeanPostProcessorChecker : Bean 'org.springframework.cloud.client.loadbalancer.reactive.LoadBalancerBeanPostProcessorAutoConfiguration$ReactorDeferringLoadBalancerFilterConfig' of type [org.springframework.cloud.client.loadbalancer.reactive.LoadBalancerBeanPostProcessorAutoConfiguration$ReactorDeferringLoadBalancerFilterConfig] is not eligible for getting processed by all BeanPostProcessors (for example: not eligible for auto-proxying)
2022-10-23 23:46:25.265  INFO 9588 --- [restartedMain] trationDelegate$BeanPostProcessorChecker : Bean 'reactorDeferringLoadBalancerExchangeFilterFunction' of type [org.springframework.cloud.client.loadbalancer.reactive.DeferringLoadBalancerExchangeFilterFunction] is not eligible for getting processed by all BeanPostProcessors (for example: not eligible for auto-proxying)
2022-10-23 23:46:26.205  INFO 9588 --- [restartedMain] o.s.c.g.r.RouteDefinitionRouteLocator    : Loaded RoutePredicateFactory [After]
2022-10-23 23:46:26.205  INFO 9588 --- [restartedMain] o.s.c.g.r.RouteDefinitionRouteLocator    : Loaded RoutePredicateFactory [Before]
2022-10-23 23:46:26.205  INFO 9588 --- [restartedMain] o.s.c.g.r.RouteDefinitionRouteLocator    : Loaded RoutePredicateFactory [Between]
2022-10-23 23:46:26.205  INFO 9588 --- [restartedMain] o.s.c.g.r.RouteDefinitionRouteLocator    : Loaded RoutePredicateFactory [Cookie]
2022-10-23 23:46:26.205  INFO 9588 --- [restartedMain] o.s.c.g.r.RouteDefinitionRouteLocator    : Loaded RoutePredicateFactory [Header]
2022-10-23 23:46:26.205  INFO 9588 --- [restartedMain] o.s.c.g.r.RouteDefinitionRouteLocator    : Loaded RoutePredicateFactory [Host]
2022-10-23 23:46:26.205  INFO 9588 --- [restartedMain] o.s.c.g.r.RouteDefinitionRouteLocator    : Loaded RoutePredicateFactory [Method]
2022-10-23 23:46:26.205  INFO 9588 --- [restartedMain] o.s.c.g.r.RouteDefinitionRouteLocator    : Loaded RoutePredicateFactory [Path]
2022-10-23 23:46:26.205  INFO 9588 --- [restartedMain] o.s.c.g.r.RouteDefinitionRouteLocator    : Loaded RoutePredicateFactory [Query]
2022-10-23 23:46:26.205  INFO 9588 --- [restartedMain] o.s.c.g.r.RouteDefinitionRouteLocator    : Loaded RoutePredicateFactory [ReadBody]
2022-10-23 23:46:26.205  INFO 9588 --- [restartedMain] o.s.c.g.r.RouteDefinitionRouteLocator    : Loaded RoutePredicateFactory [RemoteAddr]
2022-10-23 23:46:26.205  INFO 9588 --- [restartedMain] o.s.c.g.r.RouteDefinitionRouteLocator    : Loaded RoutePredicateFactory [XForwardedRemoteAddr]
2022-10-23 23:46:26.205  INFO 9588 --- [restartedMain] o.s.c.g.r.RouteDefinitionRouteLocator    : Loaded RoutePredicateFactory [Weight]
2022-10-23 23:46:26.206  INFO 9588 --- [restartedMain] o.s.c.g.r.RouteDefinitionRouteLocator    : Loaded RoutePredicateFactory [CloudFoundryRouteService]
2022-10-23 23:46:27.454  INFO 9588 --- [restartedMain] o.s.b.a.e.web.EndpointLinksResolver      : Exposing 18 endpoint(s) beneath base path '/actuator'
2022-10-23 23:46:27.675  WARN 9588 --- [restartedMain] o.s.b.d.a.OptionalLiveReloadServer       : Unable to start LiveReload server
2022-10-23 23:46:27.680  INFO 9588 --- [restartedMain] DiscoveryClientOptionalArgsConfiguration : Eureka HTTP Client uses RestTemplate.
2022-10-23 23:46:27.716  WARN 9588 --- [restartedMain] iguration$LoadBalancerCaffeineWarnLogger : Spring Cloud LoadBalancer is currently working with the default cache. While this cache implementation is useful for development and tests, it's recommended to use Caffeine cache in production.You can switch to using Caffeine cache, by adding it and org.springframework.cache.caffeine.CaffeineCacheManager to the classpath.
2022-10-23 23:46:27.768  INFO 9588 --- [restartedMain] o.s.c.n.eureka.InstanceInfoFactory       : Setting initial instance status as: STARTING
2022-10-23 23:46:27.791  INFO 9588 --- [restartedMain] com.netflix.discovery.DiscoveryClient    : Initializing Eureka in region us-east-1
2022-10-23 23:46:27.795  INFO 9588 --- [restartedMain] c.n.d.s.r.aws.ConfigClusterResolver      : Resolving eureka endpoints via configuration
2022-10-23 23:46:27.809  INFO 9588 --- [restartedMain] com.netflix.discovery.DiscoveryClient    : Disable delta property : false
2022-10-23 23:46:27.809  INFO 9588 --- [restartedMain] com.netflix.discovery.DiscoveryClient    : Single vip registry refresh property : null
2022-10-23 23:46:27.809  INFO 9588 --- [restartedMain] com.netflix.discovery.DiscoveryClient    : Force full registry fetch : false
2022-10-23 23:46:27.810  INFO 9588 --- [restartedMain] com.netflix.discovery.DiscoveryClient    : Application is null : false
2022-10-23 23:46:27.810  INFO 9588 --- [restartedMain] com.netflix.discovery.DiscoveryClient    : Registered Applications size is zero : true
2022-10-23 23:46:27.810  INFO 9588 --- [restartedMain] com.netflix.discovery.DiscoveryClient    : Application version is -1: true
2022-10-23 23:46:27.810  INFO 9588 --- [restartedMain] com.netflix.discovery.DiscoveryClient    : Getting all instance registry info from the eureka server
2022-10-23 23:46:28.136  INFO 9588 --- [restartedMain] com.netflix.discovery.DiscoveryClient    : The response status is 200
2022-10-23 23:46:28.138  INFO 9588 --- [restartedMain] com.netflix.discovery.DiscoveryClient    : Starting heartbeat executor: renew interval is: 30
2022-10-23 23:46:28.140  INFO 9588 --- [restartedMain] c.n.discovery.InstanceInfoReplicator     : InstanceInfoReplicator onDemand update allowed rate per min is 4
2022-10-23 23:46:28.144  INFO 9588 --- [restartedMain] com.netflix.discovery.DiscoveryClient    : Discovery Client initialized at timestamp 1666543588144 with initial instances count: 0
2022-10-23 23:46:28.146  INFO 9588 --- [restartedMain] o.s.c.n.e.s.EurekaServiceRegistry        : Registering application API-GATEWAY with eureka with status UP
2022-10-23 23:46:28.146  INFO 9588 --- [restartedMain] com.netflix.discovery.DiscoveryClient    : Saw local status change event StatusChangeEvent [timestamp=1666543588146, current=UP, previous=STARTING]
2022-10-23 23:46:28.148  INFO 9588 --- [DiscoveryClient-InstanceInfoReplicator-0] com.netflix.discovery.DiscoveryClient    : DiscoveryClient_API-GATEWAY/192.168.25.100:API-GATEWAY:8080: registering service...
2022-10-23 23:46:28.190  INFO 2876 --- [http-nio-8761-exec-5] c.n.e.registry.AbstractInstanceRegistry  : Registered instance API-GATEWAY/192.168.25.100:API-GATEWAY:8080 with status UP (replication=false)
2022-10-23 23:46:28.192  INFO 9588 --- [DiscoveryClient-InstanceInfoReplicator-0] com.netflix.discovery.DiscoveryClient    : DiscoveryClient_API-GATEWAY/192.168.25.100:API-GATEWAY:8080 - registration status: 204
2022-10-23 23:46:28.715  INFO 2876 --- [http-nio-8761-exec-4] c.n.e.registry.AbstractInstanceRegistry  : Registered instance API-GATEWAY/192.168.25.100:API-GATEWAY:8080 with status UP (replication=true)
2022-10-23 23:46:28.735  INFO 9588 --- [restartedMain] o.s.b.web.embedded.netty.NettyWebServer  : Netty started on port 8080
2022-10-23 23:46:28.736  INFO 9588 --- [restartedMain] .s.c.n.e.s.EurekaAutoServiceRegistration : Updating port to 8080
2022-10-23 23:46:29.366  INFO 9588 --- [restartedMain] app.ApiGatewayApplication                : Started ApiGatewayApplication in 6.2 seconds (JVM running for 7.631)
2022-10-23 23:46:39.522  INFO 12772 --- [DiscoveryClient-CacheRefreshExecutor-0] com.netflix.discovery.DiscoveryClient    : Disable delta property : false
2022-10-23 23:46:39.523  INFO 12772 --- [DiscoveryClient-CacheRefreshExecutor-0] com.netflix.discovery.DiscoveryClient    : Single vip registry refresh property : null
2022-10-23 23:46:39.523  INFO 12772 --- [DiscoveryClient-CacheRefreshExecutor-0] com.netflix.discovery.DiscoveryClient    : Force full registry fetch : false
2022-10-23 23:46:39.523  INFO 12772 --- [DiscoveryClient-CacheRefreshExecutor-0] com.netflix.discovery.DiscoveryClient    : Application is null : false
2022-10-23 23:46:39.523  INFO 12772 --- [DiscoveryClient-CacheRefreshExecutor-0] com.netflix.discovery.DiscoveryClient    : Registered Applications size is zero : true
2022-10-23 23:46:39.523  INFO 12772 --- [DiscoveryClient-CacheRefreshExecutor-0] com.netflix.discovery.DiscoveryClient    : Application version is -1: false
2022-10-23 23:46:39.523  INFO 12772 --- [DiscoveryClient-CacheRefreshExecutor-0] com.netflix.discovery.DiscoveryClient    : Getting all instance registry info from the eureka server
2022-10-23 23:46:39.545  INFO 12772 --- [DiscoveryClient-CacheRefreshExecutor-0] com.netflix.discovery.DiscoveryClient    : The response status is 200
2022-10-23 23:46:41.877  INFO 2876 --- [Eureka-EvictionTimer] c.n.e.registry.AbstractInstanceRegistry  : Running the evict task with compensationTime 0ms
2022-10-23 23:46:58.147  INFO 9588 --- [DiscoveryClient-CacheRefreshExecutor-0] com.netflix.discovery.DiscoveryClient    : Disable delta property : false
2022-10-23 23:46:58.147  INFO 9588 --- [DiscoveryClient-CacheRefreshExecutor-0] com.netflix.discovery.DiscoveryClient    : Single vip registry refresh property : null
2022-10-23 23:46:58.147  INFO 9588 --- [DiscoveryClient-CacheRefreshExecutor-0] com.netflix.discovery.DiscoveryClient    : Force full registry fetch : false
2022-10-23 23:46:58.147  INFO 9588 --- [DiscoveryClient-CacheRefreshExecutor-0] com.netflix.discovery.DiscoveryClient    : Application is null : false
2022-10-23 23:46:58.147  INFO 9588 --- [DiscoveryClient-CacheRefreshExecutor-0] com.netflix.discovery.DiscoveryClient    : Registered Applications size is zero : true
2022-10-23 23:46:58.147  INFO 9588 --- [DiscoveryClient-CacheRefreshExecutor-0] com.netflix.discovery.DiscoveryClient    : Application version is -1: false
2022-10-23 23:46:58.148  INFO 9588 --- [DiscoveryClient-CacheRefreshExecutor-0] com.netflix.discovery.DiscoveryClient    : Getting all instance registry info from the eureka server
2022-10-23 23:46:58.167  INFO 9588 --- [DiscoveryClient-CacheRefreshExecutor-0] com.netflix.discovery.DiscoveryClient    : The response status is 200
2022-10-23 23:47:00.731 ERROR 9588 --- [reactor-http-nio-3] a.w.r.e.AbstractErrorWebExceptionHandler : [2422f5a8-1]  500 Server Error for HTTP GET "/course-service/api/v1/accounts"

java.lang.IllegalArgumentException: When allowCredentials is true, allowedOrigins cannot contain the special value "*" since that cannot be set on the "Access-Control-Allow-Origin" response header. To allow credentials to a set of origins, list them explicitly or consider using "allowedOriginPatterns" instead.
	at org.springframework.web.cors.CorsConfiguration.validateAllowCredentials(CorsConfiguration.java:473) ~[spring-web-5.3.19.jar:5.3.19]
	Suppressed: reactor.core.publisher.FluxOnAssembly$OnAssemblyException: 
Error has been observed at the following site(s):
	*__checkpoint ⇢ org.springframework.cloud.gateway.filter.WeightCalculatorWebFilter [DefaultWebFilterChain]
	*__checkpoint ⇢ org.springframework.boot.actuate.metrics.web.reactive.server.MetricsWebFilter [DefaultWebFilterChain]
	*__checkpoint ⇢ HTTP GET "/course-service/api/v1/accounts" [ExceptionHandlingWebHandler]
Original Stack Trace:
		at org.springframework.web.cors.CorsConfiguration.validateAllowCredentials(CorsConfiguration.java:473) ~[spring-web-5.3.19.jar:5.3.19]
		at org.springframework.web.reactive.handler.AbstractHandlerMapping.lambda$getHandler$1(AbstractHandlerMapping.java:198) ~[spring-webflux-5.3.19.jar:5.3.19]
		at reactor.core.publisher.FluxMap$MapSubscriber.onNext(FluxMap.java:106) ~[reactor-core-3.4.17.jar:3.4.17]
		at reactor.core.publisher.FluxSwitchIfEmpty$SwitchIfEmptySubscriber.onNext(FluxSwitchIfEmpty.java:74) ~[reactor-core-3.4.17.jar:3.4.17]
		at reactor.core.publisher.Operators$MonoSubscriber.complete(Operators.java:1816) ~[reactor-core-3.4.17.jar:3.4.17]
		at reactor.core.publisher.MonoFlatMap$FlatMapMain.onNext(MonoFlatMap.java:151) ~[reactor-core-3.4.17.jar:3.4.17]
		at reactor.core.publisher.FluxMap$MapSubscriber.onNext(FluxMap.java:120) ~[reactor-core-3.4.17.jar:3.4.17]
		at reactor.core.publisher.MonoNext$NextSubscriber.onNext(MonoNext.java:82) ~[reactor-core-3.4.17.jar:3.4.17]
		at reactor.core.publisher.FluxConcatMap$ConcatMapImmediate.innerNext(FluxConcatMap.java:282) ~[reactor-core-3.4.17.jar:3.4.17]
		at reactor.core.publisher.FluxConcatMap$ConcatMapInner.onNext(FluxConcatMap.java:863) ~[reactor-core-3.4.17.jar:3.4.17]
		at reactor.core.publisher.FluxOnErrorResume$ResumeSubscriber.onNext(FluxOnErrorResume.java:79) ~[reactor-core-3.4.17.jar:3.4.17]
		at reactor.core.publisher.MonoPeekTerminal$MonoTerminalPeekSubscriber.onNext(MonoPeekTerminal.java:180) ~[reactor-core-3.4.17.jar:3.4.17]
		at reactor.core.publisher.Operators$MonoSubscriber.complete(Operators.java:1816) ~[reactor-core-3.4.17.jar:3.4.17]
		at reactor.core.publisher.MonoFilterWhen$MonoFilterWhenMain.onNext(MonoFilterWhen.java:149) ~[reactor-core-3.4.17.jar:3.4.17]
		at reactor.core.publisher.Operators$ScalarSubscription.request(Operators.java:2398) ~[reactor-core-3.4.17.jar:3.4.17]
		at reactor.core.publisher.MonoFilterWhen$MonoFilterWhenMain.onSubscribe(MonoFilterWhen.java:112) ~[reactor-core-3.4.17.jar:3.4.17]
		at reactor.core.publisher.MonoJust.subscribe(MonoJust.java:55) ~[reactor-core-3.4.17.jar:3.4.17]
		at reactor.core.publisher.Mono.subscribe(Mono.java:4400) ~[reactor-core-3.4.17.jar:3.4.17]
		at reactor.core.publisher.FluxConcatMap$ConcatMapImmediate.drain(FluxConcatMap.java:451) ~[reactor-core-3.4.17.jar:3.4.17]
		at reactor.core.publisher.FluxConcatMap$ConcatMapImmediate.onNext(FluxConcatMap.java:251) ~[reactor-core-3.4.17.jar:3.4.17]
		at reactor.core.publisher.FluxDematerialize$DematerializeSubscriber.onNext(FluxDematerialize.java:98) ~[reactor-core-3.4.17.jar:3.4.17]
		at reactor.core.publisher.FluxDematerialize$DematerializeSubscriber.onNext(FluxDematerialize.java:44) ~[reactor-core-3.4.17.jar:3.4.17]
		at reactor.core.publisher.FluxIterable$IterableSubscription.slowPath(FluxIterable.java:272) ~[reactor-core-3.4.17.jar:3.4.17]
		at reactor.core.publisher.FluxIterable$IterableSubscription.request(FluxIterable.java:230) ~[reactor-core-3.4.17.jar:3.4.17]
		at reactor.core.publisher.FluxDematerialize$DematerializeSubscriber.request(FluxDematerialize.java:127) ~[reactor-core-3.4.17.jar:3.4.17]
		at reactor.core.publisher.FluxConcatMap$ConcatMapImmediate.onSubscribe(FluxConcatMap.java:236) ~[reactor-core-3.4.17.jar:3.4.17]
		at reactor.core.publisher.FluxDematerialize$DematerializeSubscriber.onSubscribe(FluxDematerialize.java:77) ~[reactor-core-3.4.17.jar:3.4.17]
		at reactor.core.publisher.FluxIterable.subscribe(FluxIterable.java:165) ~[reactor-core-3.4.17.jar:3.4.17]
		at reactor.core.publisher.FluxIterable.subscribe(FluxIterable.java:87) ~[reactor-core-3.4.17.jar:3.4.17]
		at reactor.core.publisher.InternalFluxOperator.subscribe(InternalFluxOperator.java:62) ~[reactor-core-3.4.17.jar:3.4.17]
		at reactor.core.publisher.FluxDefer.subscribe(FluxDefer.java:54) ~[reactor-core-3.4.17.jar:3.4.17]
		at reactor.core.publisher.Mono.subscribe(Mono.java:4400) ~[reactor-core-3.4.17.jar:3.4.17]
		at reactor.core.publisher.FluxConcatMap$ConcatMapImmediate.drain(FluxConcatMap.java:451) ~[reactor-core-3.4.17.jar:3.4.17]
		at reactor.core.publisher.FluxConcatMap$ConcatMapImmediate.onSubscribe(FluxConcatMap.java:219) ~[reactor-core-3.4.17.jar:3.4.17]
		at reactor.core.publisher.FluxIterable.subscribe(FluxIterable.java:165) ~[reactor-core-3.4.17.jar:3.4.17]
		at reactor.core.publisher.FluxIterable.subscribe(FluxIterable.java:87) ~[reactor-core-3.4.17.jar:3.4.17]
		at reactor.core.publisher.InternalMonoOperator.subscribe(InternalMonoOperator.java:64) ~[reactor-core-3.4.17.jar:3.4.17]
		at reactor.core.publisher.MonoDefer.subscribe(MonoDefer.java:52) ~[reactor-core-3.4.17.jar:3.4.17]
		at reactor.core.publisher.InternalMonoOperator.subscribe(InternalMonoOperator.java:64) ~[reactor-core-3.4.17.jar:3.4.17]
		at reactor.core.publisher.MonoDefer.subscribe(MonoDefer.java:52) ~[reactor-core-3.4.17.jar:3.4.17]
		at reactor.core.publisher.InternalMonoOperator.subscribe(InternalMonoOperator.java:64) ~[reactor-core-3.4.17.jar:3.4.17]
		at reactor.core.publisher.MonoDefer.subscribe(MonoDefer.java:52) ~[reactor-core-3.4.17.jar:3.4.17]
		at reactor.core.publisher.InternalMonoOperator.subscribe(InternalMonoOperator.java:64) ~[reactor-core-3.4.17.jar:3.4.17]
		at reactor.core.publisher.MonoDefer.subscribe(MonoDefer.java:52) ~[reactor-core-3.4.17.jar:3.4.17]
		at reactor.core.publisher.Mono.subscribe(Mono.java:4400) ~[reactor-core-3.4.17.jar:3.4.17]
		at reactor.core.publisher.MonoIgnoreThen$ThenIgnoreMain.subscribeNext(MonoIgnoreThen.java:263) ~[reactor-core-3.4.17.jar:3.4.17]
		at reactor.core.publisher.MonoIgnoreThen.subscribe(MonoIgnoreThen.java:51) ~[reactor-core-3.4.17.jar:3.4.17]
		at reactor.core.publisher.InternalMonoOperator.subscribe(InternalMonoOperator.java:64) ~[reactor-core-3.4.17.jar:3.4.17]
		at reactor.core.publisher.MonoDeferContextual.subscribe(MonoDeferContextual.java:55) ~[reactor-core-3.4.17.jar:3.4.17]
		at reactor.netty.http.server.HttpServer$HttpServerHandle.onStateChange(HttpServer.java:967) ~[reactor-netty-http-1.0.18.jar:1.0.18]
		at reactor.netty.ReactorNetty$CompositeConnectionObserver.onStateChange(ReactorNetty.java:677) ~[reactor-netty-core-1.0.18.jar:1.0.18]
		at reactor.netty.transport.ServerTransport$ChildObserver.onStateChange(ServerTransport.java:478) ~[reactor-netty-core-1.0.18.jar:1.0.18]
		at reactor.netty.http.server.HttpServerOperations.onInboundNext(HttpServerOperations.java:570) ~[reactor-netty-http-1.0.18.jar:1.0.18]
		at reactor.netty.channel.ChannelOperationsHandler.channelRead(ChannelOperationsHandler.java:93) ~[reactor-netty-core-1.0.18.jar:1.0.18]
		at io.netty.channel.AbstractChannelHandlerContext.invokeChannelRead(AbstractChannelHandlerContext.java:379) ~[netty-transport-4.1.76.Final.jar:4.1.76.Final]
		at io.netty.channel.AbstractChannelHandlerContext.invokeChannelRead(AbstractChannelHandlerContext.java:365) ~[netty-transport-4.1.76.Final.jar:4.1.76.Final]
		at io.netty.channel.AbstractChannelHandlerContext.fireChannelRead(AbstractChannelHandlerContext.java:357) ~[netty-transport-4.1.76.Final.jar:4.1.76.Final]
		at reactor.netty.http.server.HttpTrafficHandler.channelRead(HttpTrafficHandler.java:222) ~[reactor-netty-http-1.0.18.jar:1.0.18]
		at io.netty.channel.AbstractChannelHandlerContext.invokeChannelRead(AbstractChannelHandlerContext.java:379) ~[netty-transport-4.1.76.Final.jar:4.1.76.Final]
		at io.netty.channel.AbstractChannelHandlerContext.invokeChannelRead(AbstractChannelHandlerContext.java:365) ~[netty-transport-4.1.76.Final.jar:4.1.76.Final]
		at io.netty.channel.AbstractChannelHandlerContext.fireChannelRead(AbstractChannelHandlerContext.java:357) ~[netty-transport-4.1.76.Final.jar:4.1.76.Final]
		at io.netty.channel.CombinedChannelDuplexHandler$DelegatingChannelHandlerContext.fireChannelRead(CombinedChannelDuplexHandler.java:436) ~[netty-transport-4.1.76.Final.jar:4.1.76.Final]
		at io.netty.handler.codec.ByteToMessageDecoder.fireChannelRead(ByteToMessageDecoder.java:327) ~[netty-codec-4.1.76.Final.jar:4.1.76.Final]
		at io.netty.handler.codec.ByteToMessageDecoder.fireChannelRead(ByteToMessageDecoder.java:314) ~[netty-codec-4.1.76.Final.jar:4.1.76.Final]
		at io.netty.handler.codec.ByteToMessageDecoder.callDecode(ByteToMessageDecoder.java:435) ~[netty-codec-4.1.76.Final.jar:4.1.76.Final]
		at io.netty.handler.codec.ByteToMessageDecoder.channelRead(ByteToMessageDecoder.java:279) ~[netty-codec-4.1.76.Final.jar:4.1.76.Final]
		at io.netty.channel.CombinedChannelDuplexHandler.channelRead(CombinedChannelDuplexHandler.java:251) ~[netty-transport-4.1.76.Final.jar:4.1.76.Final]
		at io.netty.channel.AbstractChannelHandlerContext.invokeChannelRead(AbstractChannelHandlerContext.java:379) ~[netty-transport-4.1.76.Final.jar:4.1.76.Final]
		at io.netty.channel.AbstractChannelHandlerContext.invokeChannelRead(AbstractChannelHandlerContext.java:365) ~[netty-transport-4.1.76.Final.jar:4.1.76.Final]
		at io.netty.channel.AbstractChannelHandlerContext.fireChannelRead(AbstractChannelHandlerContext.java:357) ~[netty-transport-4.1.76.Final.jar:4.1.76.Final]
		at io.netty.channel.DefaultChannelPipeline$HeadContext.channelRead(DefaultChannelPipeline.java:1410) ~[netty-transport-4.1.76.Final.jar:4.1.76.Final]
		at io.netty.channel.AbstractChannelHandlerContext.invokeChannelRead(AbstractChannelHandlerContext.java:379) ~[netty-transport-4.1.76.Final.jar:4.1.76.Final]
		at io.netty.channel.AbstractChannelHandlerContext.invokeChannelRead(AbstractChannelHandlerContext.java:365) ~[netty-transport-4.1.76.Final.jar:4.1.76.Final]
		at io.netty.channel.DefaultChannelPipeline.fireChannelRead(DefaultChannelPipeline.java:919) ~[netty-transport-4.1.76.Final.jar:4.1.76.Final]
		at io.netty.channel.nio.AbstractNioByteChannel$NioByteUnsafe.read(AbstractNioByteChannel.java:166) ~[netty-transport-4.1.76.Final.jar:4.1.76.Final]
		at io.netty.channel.nio.NioEventLoop.processSelectedKey(NioEventLoop.java:722) ~[netty-transport-4.1.76.Final.jar:4.1.76.Final]
		at io.netty.channel.nio.NioEventLoop.processSelectedKeysOptimized(NioEventLoop.java:658) ~[netty-transport-4.1.76.Final.jar:4.1.76.Final]
		at io.netty.channel.nio.NioEventLoop.processSelectedKeys(NioEventLoop.java:584) ~[netty-transport-4.1.76.Final.jar:4.1.76.Final]
		at io.netty.channel.nio.NioEventLoop.run(NioEventLoop.java:496) ~[netty-transport-4.1.76.Final.jar:4.1.76.Final]
		at io.netty.util.concurrent.SingleThreadEventExecutor$4.run(SingleThreadEventExecutor.java:986) ~[netty-common-4.1.76.Final.jar:4.1.76.Final]
		at io.netty.util.internal.ThreadExecutorMap$2.run(ThreadExecutorMap.java:74) ~[netty-common-4.1.76.Final.jar:4.1.76.Final]
		at io.netty.util.concurrent.FastThreadLocalRunnable.run(FastThreadLocalRunnable.java:30) ~[netty-common-4.1.76.Final.jar:4.1.76.Final]
		at java.base/java.lang.Thread.run(Thread.java:834) ~[na:na]

2022-10-23 23:47:41.897  INFO 2876 --- [Eureka-EvictionTimer] c.n.e.registry.AbstractInstanceRegistry  : Running the evict task with compensationTime 19ms
2022-10-23 23:48:41.917  INFO 2876 --- [Eureka-EvictionTimer] c.n.e.registry.AbstractInstanceRegistry  : Running the evict task with compensationTime 19ms
2022-10-23 23:49:41.929  INFO 2876 --- [Eureka-EvictionTimer] c.n.e.registry.AbstractInstanceRegistry  : Running the evict task with compensationTime 11ms
2022-10-23 23:50:41.937  INFO 2876 --- [Eureka-EvictionTimer] c.n.e.registry.AbstractInstanceRegistry  : Running the evict task with compensationTime 8ms
2022-10-23 23:51:09.156  INFO 12772 --- [AsyncResolver-bootstrap-executor-0] c.n.d.s.r.aws.ConfigClusterResolver      : Resolving eureka endpoints via configuration
2022-10-23 23:51:23.216  INFO 9588 --- [SpringApplicationShutdownHook] o.s.c.n.e.s.EurekaServiceRegistry        : Unregistering application API-GATEWAY with eureka with status DOWN
2022-10-23 23:51:23.216  INFO 9588 --- [SpringApplicationShutdownHook] com.netflix.discovery.DiscoveryClient    : Saw local status change event StatusChangeEvent [timestamp=1666543883216, current=DOWN, previous=UP]
2022-10-23 23:51:23.216  INFO 9588 --- [DiscoveryClient-InstanceInfoReplicator-0] com.netflix.discovery.DiscoveryClient    : DiscoveryClient_API-GATEWAY/192.168.25.100:API-GATEWAY:8080: registering service...
2022-10-23 23:51:23.226  INFO 2876 --- [http-nio-8761-exec-6] c.n.e.registry.AbstractInstanceRegistry  : Registered instance API-GATEWAY/192.168.25.100:API-GATEWAY:8080 with status DOWN (replication=false)
2022-10-23 23:51:23.226  INFO 9588 --- [DiscoveryClient-InstanceInfoReplicator-0] com.netflix.discovery.DiscoveryClient    : DiscoveryClient_API-GATEWAY/192.168.25.100:API-GATEWAY:8080 - registration status: 204
2022-10-23 23:51:23.747  INFO 2876 --- [http-nio-8761-exec-5] c.n.e.registry.AbstractInstanceRegistry  : Registered instance API-GATEWAY/192.168.25.100:API-GATEWAY:8080 with status DOWN (replication=true)
2022-10-23 23:51:25.266  INFO 9588 --- [SpringApplicationShutdownHook] com.netflix.discovery.DiscoveryClient    : Shutting down DiscoveryClient ...
2022-10-23 23:51:27.816  INFO 9588 --- [AsyncResolver-bootstrap-executor-0] c.n.d.s.r.aws.ConfigClusterResolver      : Resolving eureka endpoints via configuration
2022-10-23 23:51:28.277  INFO 9588 --- [SpringApplicationShutdownHook] com.netflix.discovery.DiscoveryClient    : Unregistering ...
2022-10-23 23:51:28.298  INFO 2876 --- [http-nio-8761-exec-4] c.n.e.registry.AbstractInstanceRegistry  : Cancelled instance API-GATEWAY/192.168.25.100:API-GATEWAY:8080 (replication=false)
2022-10-23 23:51:28.298  INFO 9588 --- [SpringApplicationShutdownHook] com.netflix.discovery.DiscoveryClient    : DiscoveryClient_API-GATEWAY/192.168.25.100:API-GATEWAY:8080 - deregister  status: 200
2022-10-23 23:51:28.298  INFO 9588 --- [SpringApplicationShutdownHook] com.netflix.discovery.DiscoveryClient    : Completed shut down of DiscoveryClient
2022-10-23 23:51:28.837  WARN 2876 --- [http-nio-8761-exec-7] c.n.e.registry.AbstractInstanceRegistry  : DS: Registry: cancel failed because Lease is not registered for: API-GATEWAY/192.168.25.100:API-GATEWAY:8080
2022-10-23 23:51:28.837  INFO 2876 --- [http-nio-8761-exec-7] c.n.eureka.resources.InstanceResource    : Not Found (Cancel): API-GATEWAY - 192.168.25.100:API-GATEWAY:8080
2022-10-23 23:51:28.837  WARN 2876 --- [TaskBatchingWorker-target_localhost-10] c.n.eureka.cluster.ReplicationTask       : The replication of task API-GATEWAY/192.168.25.100:API-GATEWAY:8080:Cancel@localhost failed with response code 404
2022-10-23 23:51:28.837  WARN 2876 --- [TaskBatchingWorker-target_localhost-10] c.netflix.eureka.cluster.PeerEurekaNode  : API-GATEWAY/192.168.25.100:API-GATEWAY:8080:Cancel@localhost: missing entry.
2022-10-23 23:51:33.129  INFO 10992 --- [restartedMain] app.ApiGatewayApplication                : Starting ApiGatewayApplication using Java 11.0.15.1 on TRAN-MINH-VUONG with PID 10992 (F:\Project\fast-edu\edu-microservice-backend\api-gateway\target\classes started by Admin in F:\Project\fast-edu\edu-microservice-backend)
2022-10-23 23:51:33.130  INFO 10992 --- [restartedMain] app.ApiGatewayApplication                : The following 1 profile is active: "dev"
2022-10-23 23:51:33.165  INFO 10992 --- [restartedMain] .e.DevToolsPropertyDefaultsPostProcessor : Devtools property defaults active! Set 'spring.devtools.add-properties' to 'false' to disable
2022-10-23 23:51:33.165  INFO 10992 --- [restartedMain] .e.DevToolsPropertyDefaultsPostProcessor : For additional web related logging consider setting the 'logging.level.web' property to 'DEBUG'
2022-10-23 23:51:34.182  INFO 10992 --- [restartedMain] o.s.cloud.context.scope.GenericScope     : BeanFactory id=6b41d1a5-890b-39d4-92b4-c25cba0fef24
2022-10-23 23:51:34.246  INFO 10992 --- [restartedMain] trationDelegate$BeanPostProcessorChecker : Bean 'org.springframework.cloud.client.loadbalancer.reactive.LoadBalancerBeanPostProcessorAutoConfiguration' of type [org.springframework.cloud.client.loadbalancer.reactive.LoadBalancerBeanPostProcessorAutoConfiguration] is not eligible for getting processed by all BeanPostProcessors (for example: not eligible for auto-proxying)
2022-10-23 23:51:34.247  INFO 10992 --- [restartedMain] trationDelegate$BeanPostProcessorChecker : Bean 'org.springframework.cloud.client.loadbalancer.reactive.LoadBalancerBeanPostProcessorAutoConfiguration$ReactorDeferringLoadBalancerFilterConfig' of type [org.springframework.cloud.client.loadbalancer.reactive.LoadBalancerBeanPostProcessorAutoConfiguration$ReactorDeferringLoadBalancerFilterConfig] is not eligible for getting processed by all BeanPostProcessors (for example: not eligible for auto-proxying)
2022-10-23 23:51:34.248  INFO 10992 --- [restartedMain] trationDelegate$BeanPostProcessorChecker : Bean 'reactorDeferringLoadBalancerExchangeFilterFunction' of type [org.springframework.cloud.client.loadbalancer.reactive.DeferringLoadBalancerExchangeFilterFunction] is not eligible for getting processed by all BeanPostProcessors (for example: not eligible for auto-proxying)
2022-10-23 23:51:35.198  INFO 10992 --- [restartedMain] o.s.c.g.r.RouteDefinitionRouteLocator    : Loaded RoutePredicateFactory [After]
2022-10-23 23:51:35.198  INFO 10992 --- [restartedMain] o.s.c.g.r.RouteDefinitionRouteLocator    : Loaded RoutePredicateFactory [Before]
2022-10-23 23:51:35.198  INFO 10992 --- [restartedMain] o.s.c.g.r.RouteDefinitionRouteLocator    : Loaded RoutePredicateFactory [Between]
2022-10-23 23:51:35.198  INFO 10992 --- [restartedMain] o.s.c.g.r.RouteDefinitionRouteLocator    : Loaded RoutePredicateFactory [Cookie]
2022-10-23 23:51:35.199  INFO 10992 --- [restartedMain] o.s.c.g.r.RouteDefinitionRouteLocator    : Loaded RoutePredicateFactory [Header]
2022-10-23 23:51:35.199  INFO 10992 --- [restartedMain] o.s.c.g.r.RouteDefinitionRouteLocator    : Loaded RoutePredicateFactory [Host]
2022-10-23 23:51:35.199  INFO 10992 --- [restartedMain] o.s.c.g.r.RouteDefinitionRouteLocator    : Loaded RoutePredicateFactory [Method]
2022-10-23 23:51:35.199  INFO 10992 --- [restartedMain] o.s.c.g.r.RouteDefinitionRouteLocator    : Loaded RoutePredicateFactory [Path]
2022-10-23 23:51:35.199  INFO 10992 --- [restartedMain] o.s.c.g.r.RouteDefinitionRouteLocator    : Loaded RoutePredicateFactory [Query]
2022-10-23 23:51:35.199  INFO 10992 --- [restartedMain] o.s.c.g.r.RouteDefinitionRouteLocator    : Loaded RoutePredicateFactory [ReadBody]
2022-10-23 23:51:35.199  INFO 10992 --- [restartedMain] o.s.c.g.r.RouteDefinitionRouteLocator    : Loaded RoutePredicateFactory [RemoteAddr]
2022-10-23 23:51:35.199  INFO 10992 --- [restartedMain] o.s.c.g.r.RouteDefinitionRouteLocator    : Loaded RoutePredicateFactory [XForwardedRemoteAddr]
2022-10-23 23:51:35.199  INFO 10992 --- [restartedMain] o.s.c.g.r.RouteDefinitionRouteLocator    : Loaded RoutePredicateFactory [Weight]
2022-10-23 23:51:35.199  INFO 10992 --- [restartedMain] o.s.c.g.r.RouteDefinitionRouteLocator    : Loaded RoutePredicateFactory [CloudFoundryRouteService]
2022-10-23 23:51:36.530  INFO 10992 --- [restartedMain] o.s.b.a.e.web.EndpointLinksResolver      : Exposing 18 endpoint(s) beneath base path '/actuator'
2022-10-23 23:51:36.764  WARN 10992 --- [restartedMain] o.s.b.d.a.OptionalLiveReloadServer       : Unable to start LiveReload server
2022-10-23 23:51:36.769  INFO 10992 --- [restartedMain] DiscoveryClientOptionalArgsConfiguration : Eureka HTTP Client uses RestTemplate.
2022-10-23 23:51:36.812  WARN 10992 --- [restartedMain] iguration$LoadBalancerCaffeineWarnLogger : Spring Cloud LoadBalancer is currently working with the default cache. While this cache implementation is useful for development and tests, it's recommended to use Caffeine cache in production.You can switch to using Caffeine cache, by adding it and org.springframework.cache.caffeine.CaffeineCacheManager to the classpath.
2022-10-23 23:51:36.884  INFO 10992 --- [restartedMain] o.s.c.n.eureka.InstanceInfoFactory       : Setting initial instance status as: STARTING
2022-10-23 23:51:36.909  INFO 10992 --- [restartedMain] com.netflix.discovery.DiscoveryClient    : Initializing Eureka in region us-east-1
2022-10-23 23:51:36.912  INFO 10992 --- [restartedMain] c.n.d.s.r.aws.ConfigClusterResolver      : Resolving eureka endpoints via configuration
2022-10-23 23:51:36.926  INFO 10992 --- [restartedMain] com.netflix.discovery.DiscoveryClient    : Disable delta property : false
2022-10-23 23:51:36.926  INFO 10992 --- [restartedMain] com.netflix.discovery.DiscoveryClient    : Single vip registry refresh property : null
2022-10-23 23:51:36.926  INFO 10992 --- [restartedMain] com.netflix.discovery.DiscoveryClient    : Force full registry fetch : false
2022-10-23 23:51:36.926  INFO 10992 --- [restartedMain] com.netflix.discovery.DiscoveryClient    : Application is null : false
2022-10-23 23:51:36.926  INFO 10992 --- [restartedMain] com.netflix.discovery.DiscoveryClient    : Registered Applications size is zero : true
2022-10-23 23:51:36.926  INFO 10992 --- [restartedMain] com.netflix.discovery.DiscoveryClient    : Application version is -1: true
2022-10-23 23:51:36.926  INFO 10992 --- [restartedMain] com.netflix.discovery.DiscoveryClient    : Getting all instance registry info from the eureka server
2022-10-23 23:51:37.197  INFO 10992 --- [restartedMain] com.netflix.discovery.DiscoveryClient    : The response status is 200
2022-10-23 23:51:37.199  INFO 10992 --- [restartedMain] com.netflix.discovery.DiscoveryClient    : Starting heartbeat executor: renew interval is: 30
2022-10-23 23:51:37.201  INFO 10992 --- [restartedMain] c.n.discovery.InstanceInfoReplicator     : InstanceInfoReplicator onDemand update allowed rate per min is 4
2022-10-23 23:51:37.205  INFO 10992 --- [restartedMain] com.netflix.discovery.DiscoveryClient    : Discovery Client initialized at timestamp 1666543897204 with initial instances count: 1
2022-10-23 23:51:37.206  INFO 10992 --- [restartedMain] o.s.c.n.e.s.EurekaServiceRegistry        : Registering application API-GATEWAY with eureka with status UP
2022-10-23 23:51:37.206  INFO 10992 --- [restartedMain] com.netflix.discovery.DiscoveryClient    : Saw local status change event StatusChangeEvent [timestamp=1666543897206, current=UP, previous=STARTING]
2022-10-23 23:51:37.208  INFO 10992 --- [DiscoveryClient-InstanceInfoReplicator-0] com.netflix.discovery.DiscoveryClient    : DiscoveryClient_API-GATEWAY/192.168.25.100:API-GATEWAY:8080: registering service...
2022-10-23 23:51:37.244  INFO 2876 --- [http-nio-8761-exec-1] c.n.e.registry.AbstractInstanceRegistry  : Registered instance API-GATEWAY/192.168.25.100:API-GATEWAY:8080 with status UP (replication=false)
2022-10-23 23:51:37.245  INFO 10992 --- [DiscoveryClient-InstanceInfoReplicator-0] com.netflix.discovery.DiscoveryClient    : DiscoveryClient_API-GATEWAY/192.168.25.100:API-GATEWAY:8080 - registration status: 204
2022-10-23 23:51:37.767  INFO 2876 --- [http-nio-8761-exec-2] c.n.e.registry.AbstractInstanceRegistry  : Registered instance API-GATEWAY/192.168.25.100:API-GATEWAY:8080 with status UP (replication=true)
2022-10-23 23:51:37.788  INFO 10992 --- [restartedMain] o.s.b.web.embedded.netty.NettyWebServer  : Netty started on port 8080
2022-10-23 23:51:37.789  INFO 10992 --- [restartedMain] .s.c.n.e.s.EurekaAutoServiceRegistration : Updating port to 8080
2022-10-23 23:51:38.423  INFO 10992 --- [restartedMain] app.ApiGatewayApplication                : Started ApiGatewayApplication in 6.37 seconds (JVM running for 7.822)
2022-10-23 23:51:41.942  INFO 2876 --- [Eureka-EvictionTimer] c.n.e.registry.AbstractInstanceRegistry  : Running the evict task with compensationTime 5ms
2022-10-23 23:52:41.955  INFO 2876 --- [Eureka-EvictionTimer] c.n.e.registry.AbstractInstanceRegistry  : Running the evict task with compensationTime 13ms
